TestActivity/build/outputs/logs/manifest-merger-release-report.txt
-- Merging decision tree log ---
manifest
ADDED from src/main/AndroidManifest.xml:1:1-5:12
INJECTED from src/main/AndroidManifest.xml:1:1-5:12
INJECTED from src/main/AndroidManifest.xml:1:1-5:12
	package
		ADDED from src/main/AndroidManifest.xml:2:5-56
		INJECTED from src/main/AndroidManifest.xml
		INJECTED from src/main/AndroidManifest.xml